#-----------------------------------------------------------
# Vivado v2017.3 (64-bit)
# SW Build 2018833 on Wed Oct  4 19:58:22 MDT 2017
# IP Build 2016188 on Wed Oct  4 21:52:56 MDT 2017
# Start of session at: Sun Nov  5 14:25:25 2017
# Process ID: 840
# Current directory: C:/Users/rodrigo/Desktop/hdmi_in_ipcore_vivado2017.3
# Command line: vivado.exe -gui_launcher_event rodinguilauncherevent8888 C:\Users\rodrigo\Desktop\hdmi_in_ipcore_vivado2017.3\hdmi_in_ipcore_vivado2017.3.xpr
# Log file: C:/Users/rodrigo/Desktop/hdmi_in_ipcore_vivado2017.3/vivado.log
# Journal file: C:/Users/rodrigo/Desktop/hdmi_in_ipcore_vivado2017.3\vivado.jou
#-----------------------------------------------------------
start_gui
open_project C:/Users/rodrigo/Desktop/hdmi_in_ipcore_vivado2017.3/hdmi_in_ipcore_vivado2017.3.xpr
INFO: [Project 1-313] Project file moved from 'C:/Users/rodrigo/Dropbox/Academico/IPD432 Super Digitales/Proyectos de prueba/hdmi_in_ipcore_vivado2017.3' since last save.
Scanning sources...
Finished scanning sources
INFO: [filemgmt 56-1] IP Repository Path: Directory not found as 'C:/Users/rodrigo/vivado-library-master'; using path 'C:/Users/rodrigo/Dropbox/Academico/IPD432 Super Digitales/vivado-library-master' instead.
INFO: [IP_Flow 19-234] Refreshing IP repositories
INFO: [IP_Flow 19-1700] Loaded user IP repository 'c:/Users/rodrigo/Dropbox/Academico/IPD432 Super Digitales/vivado-library-master'.
INFO: [IP_Flow 19-2313] Loaded Vivado IP repository 'D:/Xilinx/Vivado/2017.3/data/ip'.
open_project: Time (s): cpu = 00:00:18 ; elapsed = 00:00:09 . Memory (MB): peak = 817.719 ; gain = 12.254
update_compile_order -fileset sources_1
exit
INFO: [Common 17-206] Exiting Vivado at Sun Nov  5 14:26:05 2017...
