
*** Running vivado
    with args -log clk_wiz_0.vds -m64 -product Vivado -mode batch -messageDb vivado.pb -notrace -source clk_wiz_0.tcl


****** Vivado v2017.3 (64-bit)
  **** SW Build 2018833 on Wed Oct  4 19:58:22 MDT 2017
  **** IP Build 2016188 on Wed Oct  4 21:52:56 MDT 2017
    ** Copyright 1986-2017 Xilinx, Inc. All Rights Reserved.

source clk_wiz_0.tcl -notrace
Starting RTL Elaboration : Time (s): cpu = 00:00:07 ; elapsed = 00:00:07 . Memory (MB): peak = 367.777 ; gain = 93.953
INFO: [Synth 8-638] synthesizing module 'clk_wiz_0' [d:/Academico/IPD432 Super Digitales/Proyectos Vivado 2017.3/project_2_HDMI4fun_Zybo/project_2_HDMI4fun_Zybo.srcs/sources_1/ip/clk_wiz_0/clk_wiz_0.v:71]
INFO: [Synth 8-638] synthesizing module 'clk_wiz_0_clk_wiz' [d:/Academico/IPD432 Super Digitales/Proyectos Vivado 2017.3/project_2_HDMI4fun_Zybo/project_2_HDMI4fun_Zybo.srcs/sources_1/ip/clk_wiz_0/clk_wiz_0_clk_wiz.v:69]
INFO: [Synth 8-638] synthesizing module 'IBUF' [D:/Xilinx/Vivado/2017.3/scripts/rt/data/unisim_comp.v:19468]
INFO: [Synth 8-256] done synthesizing module 'IBUF' (1#1) [D:/Xilinx/Vivado/2017.3/scripts/rt/data/unisim_comp.v:19468]
INFO: [Synth 8-638] synthesizing module 'MMCME2_ADV' [D:/Xilinx/Vivado/2017.3/scripts/rt/data/unisim_comp.v:25757]
INFO: [Synth 8-256] done synthesizing module 'MMCME2_ADV' (2#1) [D:/Xilinx/Vivado/2017.3/scripts/rt/data/unisim_comp.v:25757]
INFO: [Synth 8-638] synthesizing module 'BUFG' [D:/Xilinx/Vivado/2017.3/scripts/rt/data/unisim_comp.v:607]
INFO: [Synth 8-256] done synthesizing module 'BUFG' (3#1) [D:/Xilinx/Vivado/2017.3/scripts/rt/data/unisim_comp.v:607]
INFO: [Synth 8-256] done synthesizing module 'clk_wiz_0_clk_wiz' (4#1) [d:/Academico/IPD432 Super Digitales/Proyectos Vivado 2017.3/project_2_HDMI4fun_Zybo/project_2_HDMI4fun_Zybo.srcs/sources_1/ip/clk_wiz_0/clk_wiz_0_clk_wiz.v:69]
INFO: [Synth 8-256] done synthesizing module 'clk_wiz_0' (5#1) [d:/Academico/IPD432 Super Digitales/Proyectos Vivado 2017.3/project_2_HDMI4fun_Zybo/project_2_HDMI4fun_Zybo.srcs/sources_1/ip/clk_wiz_0/clk_wiz_0.v:71]
Finished RTL Elaboration : Time (s): cpu = 00:00:08 ; elapsed = 00:00:08 . Memory (MB): peak = 409.859 ; gain = 136.035
Finished RTL Optimization Phase 1 : Time (s): cpu = 00:00:08 ; elapsed = 00:00:08 . Memory (MB): peak = 409.859 ; gain = 136.035
INFO: [Device 21-403] Loading part xc7z010clg400-1
Constraint Validation Runtime : Time (s): cpu = 00:00:00 ; elapsed = 00:00:00.007 . Memory (MB): peak = 629.668 ; gain = 0.000
Finished Constraint Validation : Time (s): cpu = 00:00:22 ; elapsed = 00:00:22 . Memory (MB): peak = 629.668 ; gain = 355.844
Finished Loading Part and Timing Information : Time (s): cpu = 00:00:22 ; elapsed = 00:00:22 . Memory (MB): peak = 629.668 ; gain = 355.844
Finished applying 'set_property' XDC Constraints : Time (s): cpu = 00:00:22 ; elapsed = 00:00:22 . Memory (MB): peak = 629.668 ; gain = 355.844
Finished RTL Optimization Phase 2 : Time (s): cpu = 00:00:22 ; elapsed = 00:00:22 . Memory (MB): peak = 629.668 ; gain = 355.844
Finished Cross Boundary and Area Optimization : Time (s): cpu = 00:00:22 ; elapsed = 00:00:22 . Memory (MB): peak = 629.668 ; gain = 355.844
Finished Applying XDC Timing Constraints : Time (s): cpu = 00:00:33 ; elapsed = 00:00:33 . Memory (MB): peak = 660.348 ; gain = 386.523
Finished Timing Optimization : Time (s): cpu = 00:00:33 ; elapsed = 00:00:33 . Memory (MB): peak = 660.348 ; gain = 386.523
Finished Technology Mapping : Time (s): cpu = 00:00:33 ; elapsed = 00:00:33 . Memory (MB): peak = 671.492 ; gain = 397.668
Finished IO Insertion : Time (s): cpu = 00:00:34 ; elapsed = 00:00:34 . Memory (MB): peak = 671.492 ; gain = 397.668
Finished Renaming Generated Instances : Time (s): cpu = 00:00:34 ; elapsed = 00:00:34 . Memory (MB): peak = 671.492 ; gain = 397.668
Finished Rebuilding User Hierarchy : Time (s): cpu = 00:00:34 ; elapsed = 00:00:34 . Memory (MB): peak = 671.492 ; gain = 397.668
Finished Renaming Generated Ports : Time (s): cpu = 00:00:34 ; elapsed = 00:00:34 . Memory (MB): peak = 671.492 ; gain = 397.668
Finished Handling Custom Attributes : Time (s): cpu = 00:00:34 ; elapsed = 00:00:34 . Memory (MB): peak = 671.492 ; gain = 397.668
Finished Renaming Generated Nets : Time (s): cpu = 00:00:34 ; elapsed = 00:00:34 . Memory (MB): peak = 671.492 ; gain = 397.668

Report Cell Usage: 
+------+-----------+------+
|      |Cell       |Count |
+------+-----------+------+
|1     |BUFG       |     3|
|2     |MMCME2_ADV |     1|
|3     |IBUF       |     1|
+------+-----------+------+
Finished Writing Synthesis Report : Time (s): cpu = 00:00:34 ; elapsed = 00:00:34 . Memory (MB): peak = 671.492 ; gain = 397.668
synth_design: Time (s): cpu = 00:00:35 ; elapsed = 00:00:36 . Memory (MB): peak = 684.020 ; gain = 418.840
