Copyright 1986-2017 Xilinx, Inc. All Rights Reserved.
------------------------------------------------------------------------------------
| Tool Version : Vivado v.2017.3 (win64) Build 2018833 Wed Oct  4 19:58:22 MDT 2017
| Date         : Tue Nov  7 01:07:49 2017
| Host         : Dell-Rodrigo running 64-bit major release  (build 9200)
| Command      : report_control_sets -file TOP_MODULE_control_sets_placed.rpt
| Design       : TOP_MODULE
| Device       : xc7a200t
------------------------------------------------------------------------------------

Control Set Information

Table of Contents
-----------------
1. Summary
2. Flip-Flop Distribution

1. Summary
----------

+-------------------------------+-------+
|             Status            | Count |
+-------------------------------+-------+
| Number of unique control sets |    32 |
+-------------------------------+-------+


2. Flip-Flop Distribution
-------------------------

+--------------+-----------------------+------------------------+-----------------+--------------+
| Clock Enable | Synchronous Set/Reset | Asynchronous Set/Reset | Total Registers | Total Slices |
+--------------+-----------------------+------------------------+-----------------+--------------+
| No           | No                    | No                     |             207 |           70 |
| No           | No                    | Yes                    |              28 |           19 |
| No           | Yes                   | No                     |              46 |           13 |
| Yes          | No                    | No                     |              39 |           13 |
| Yes          | No                    | Yes                    |               0 |            0 |
| Yes          | Yes                   | No                     |             133 |           31 |
+--------------+-----------------------+------------------------+-----------------+--------------+


